<log4j:event logger="com.tyss.log4j.Log4jTest" timestamp="1620448683978" level="TRACE" thread="main">
<log4j:message><![CDATA[this is the trace msg.....]]></log4j:message>
</log4j:event>

<log4j:event logger="com.tyss.log4j.Log4jTest" timestamp="1620448683980" level="DEBUG" thread="main">
<log4j:message><![CDATA[this is the Debug msg......]]></log4j:message>
</log4j:event>

<log4j:event logger="com.tyss.log4j.Log4jTest" timestamp="1620448683980" level="INFO" thread="main">
<log4j:message><![CDATA[this is the info msg........]]></log4j:message>
</log4j:event>

<log4j:event logger="com.tyss.log4j.Log4jTest" timestamp="1620448683980" level="WARN" thread="main">
<log4j:message><![CDATA[this is the warn msg.........]]></log4j:message>
</log4j:event>

<log4j:event logger="com.tyss.log4j.Log4jTest" timestamp="1620448683980" level="ERROR" thread="main">
<log4j:message><![CDATA[this is the error msg........]]></log4j:message>
</log4j:event>

<log4j:event logger="com.tyss.log4j.Log4jTest" timestamp="1620448683980" level="FATAL" thread="main">
<log4j:message><![CDATA[this is the fatal msg..........]]></log4j:message>
</log4j:event>

this is the trace msg.....
this is the Debug msg......
this is the info msg........
this is the warn msg.........
this is the error msg........
this is the fatal msg..........
